#
# There is insufficient memory for the Java Runtime Environment to continue.
# Native memory allocation (mmap) failed to map 268435456 bytes. Error detail: G1 virtual space
# Possible reasons:
#   The system is out of physical RAM or swap space
#   This process is running with CompressedOops enabled, and the Java Heap may be blocking the growth of the native heap
# Possible solutions:
#   Reduce memory load on the system
#   Increase physical memory or swap space
#   Check if swap backing store is full
#   Decrease Java heap size (-Xmx/-Xms)
#   Decrease number of Java threads
#   Decrease Java thread stack sizes (-Xss)
#   Set larger code cache with -XX:ReservedCodeCacheSize=
#   JVM is running with Zero Based Compressed Oops mode in which the Java heap is
#     placed in the first 32GB address space. The Java Heap base address is the
#     maximum limit for the native heap growth. Please use -XX:HeapBaseMinAddress
#     to set the Java Heap base and to place the Java Heap above 32GB virtual address.
# This output file may be truncated or incomplete.
#
#  Out of Memory Error (os_windows.cpp:3631), pid=25120, tid=16196
#
# JRE version:  (22.0.1+8) (build )
# Java VM: OpenJDK 64-Bit Server VM (22.0.1+8-16, mixed mode, sharing, tiered, compressed oops, compressed class ptrs, g1 gc, windows-amd64)
# No core dump will be written. Minidumps are not enabled by default on client versions of Windows
#

---------------  S U M M A R Y ------------

Command Line: com.method.tubesaka.TubesAKA

Host: Intel(R) Core(TM) i7-8650U CPU @ 1.90GHz, 8 cores, 15G,  Windows 11 , 64 bit Build 22621 (10.0.22621.4391)
Time: Sat Dec 14 05:58:51 2024 SE Asia Standard Time elapsed time: 0.023949 seconds (0d 0h 0m 0s)

---------------  T H R E A D  ---------------

Current thread (0x000002744ee0be80):  JavaThread "Unknown thread" [_thread_in_vm, id=16196, stack(0x000000e46de00000,0x000000e46df00000) (1024K)]

Stack: [0x000000e46de00000,0x000000e46df00000]
Native frames: (J=compiled Java code, j=interpreted, Vv=VM code, C=native code)
V  [jvm.dll+0x6e2279]  (no source info available)
V  [jvm.dll+0x874e33]  (no source info available)
V  [jvm.dll+0x87725e]  (no source info available)
V  [jvm.dll+0x877933]  (no source info available)
V  [jvm.dll+0x27fd76]  (no source info available)
V  [jvm.dll+0x6de915]  (no source info available)
V  [jvm.dll+0x6d341a]  (no source info available)
V  [jvm.dll+0x3589da]  (no source info available)
V  [jvm.dll+0x360f06]  (no source info available)
V  [jvm.dll+0x3b3e2e]  (no source info available)
V  [jvm.dll+0x3b40d8]  (no source info available)
V  [jvm.dll+0x32c59c]  (no source info available)
V  [jvm.dll+0x32d158]  (no source info available)
V  [jvm.dll+0x83ccdc]  (no source info available)
V  [jvm.dll+0x3c0d71]  (no source info available)
V  [jvm.dll+0x825ccc]  (no source info available)
V  [jvm.dll+0x45b8fe]  (no source info available)
V  [jvm.dll+0x45d781]  (no source info available)
C  [jli.dll+0x52a3]  (no source info available)
C  [ucrtbase.dll+0x29333]  (no source info available)
C  [KERNEL32.DLL+0x1259d]  (no source info available)
C  [ntdll.dll+0x5af38]  (no source info available)


---------------  P R O C E S S  ---------------

Threads class SMR info:
_java_thread_list=0x00007fff0447b1c8, length=0, elements={
}

Java Threads: ( => current thread )
Total: 0

Other Threads:
  0x00000274510c2da0 WorkerThread "GC Thread#0"                     [id=22252, stack(0x000000e46df00000,0x000000e46e000000) (1024K)]
  0x00000274510d3c60 ConcurrentGCThread "G1 Main Marker"            [id=3248, stack(0x000000e46e000000,0x000000e46e100000) (1024K)]
  0x00000274510d4e20 WorkerThread "G1 Conc#0"                       [id=26356, stack(0x000000e46e100000,0x000000e46e200000) (1024K)]

[error occurred during error reporting (printing all threads), id 0xc0000005, EXCEPTION_ACCESS_VIOLATION (0xc0000005) at pc=0x00007fff03bcf367]
VM state: not at safepoint (not fully initialized)

VM Mutex/Monitor currently owned by a thread:  ([mutex/lock_event])
[0x00007fff044fbcb8] Heap_lock - owner thread: 0x000002744ee0be80

Heap address: 0x0000000701e00000, size: 4066 MB, Compressed Oops mode: Zero based, Oop shift amount: 3

CDS archive(s) mapped at: [0x0000000000000000-0x0000000000000000-0x0000000000000000), size 0, SharedBaseAddress: 0x0000000800000000, ArchiveRelocationMode: 1.
Narrow klass base: 0x0000000000000000, Narrow klass shift: 0, Narrow klass range: 0x0

GC Precious Log:
 CardTable entry size: 512
 Card Set container configuration: InlinePtr #cards 4 size 8 Array Of Cards #cards 16 size 48 Howl #buckets 8 coarsen threshold 3686 Howl Bitmap #cards 512 size 80 coarsen threshold 460 Card regions per heap region 1 cards per card region 4096

Heap:
 garbage-first heap   total reserved 4163584K, committed 0K, used 0K [0x0000000701e00000, 0x0000000800000000)
  region size 2048K, 0 young (0K), 0 survivors (0K)

[error occurred during error reporting (printing heap information), id 0xc0000005, EXCEPTION_ACCESS_VIOLATION (0xc0000005) at pc=0x00007fff03fce429]
GC Heap History (0 events):
No events

Dll operation events (1 events):
Event: 0.018 Loaded shared library C:\java\OpenJDK-22\bin\java.dll

Deoptimization events (0 events):
No events

Classes loaded (0 events):
No events

Classes unloaded (0 events):
No events

Classes redefined (0 events):
No events

Internal exceptions (0 events):
No events

ZGC Phase Switch (0 events):
No events

VM Operations (0 events):
No events

Events (0 events):
No events


Dynamic libraries:
0x00007ff657260000 - 0x00007ff65726e000 	C:\java\OpenJDK-22\bin\java.exe
0x00007fff4de30000 - 0x00007fff4e047000 	C:\WINDOWS\SYSTEM32\ntdll.dll
0x00007fff4c8b0000 - 0x00007fff4c974000 	C:\WINDOWS\System32\KERNEL32.DLL
0x00007fff4b330000 - 0x00007fff4b6ea000 	C:\WINDOWS\System32\KERNELBASE.dll
0x00007fff4ba10000 - 0x00007fff4bb21000 	C:\WINDOWS\System32\ucrtbase.dll
0x00007fff34680000 - 0x00007fff34697000 	C:\java\OpenJDK-22\bin\jli.dll
0x00007fff3f7a0000 - 0x00007fff3f7bb000 	C:\java\OpenJDK-22\bin\VCRUNTIME140.dll
0x00007fff4cf20000 - 0x00007fff4d0ce000 	C:\WINDOWS\System32\USER32.dll
0x00007fff33ec0000 - 0x00007fff34152000 	C:\WINDOWS\WinSxS\amd64_microsoft.windows.common-controls_6595b64144ccf1df_6.0.22621.4541_none_2710d1c57384c085\COMCTL32.dll
0x00007fff4b9e0000 - 0x00007fff4ba06000 	C:\WINDOWS\System32\win32u.dll
0x00007fff4cc70000 - 0x00007fff4cd17000 	C:\WINDOWS\System32\msvcrt.dll
0x00007fff4c290000 - 0x00007fff4c2b9000 	C:\WINDOWS\System32\GDI32.dll
0x00007fff4b8c0000 - 0x00007fff4b9db000 	C:\WINDOWS\System32\gdi32full.dll
0x00007fff4b6f0000 - 0x00007fff4b78a000 	C:\WINDOWS\System32\msvcp_win.dll
0x00007fff4c2c0000 - 0x00007fff4c2f1000 	C:\WINDOWS\System32\IMM32.DLL
0x00007fff3fed0000 - 0x00007fff3fedc000 	C:\java\OpenJDK-22\bin\vcruntime140_1.dll
0x00007fff03800000 - 0x00007fff0388e000 	C:\java\OpenJDK-22\bin\msvcp140.dll
0x00007fff03890000 - 0x00007fff045d7000 	C:\java\OpenJDK-22\bin\server\jvm.dll
0x00007fff4bef0000 - 0x00007fff4bfa2000 	C:\WINDOWS\System32\ADVAPI32.dll
0x00007fff4c980000 - 0x00007fff4ca27000 	C:\WINDOWS\System32\sechost.dll
0x00007fff4b790000 - 0x00007fff4b7b8000 	C:\WINDOWS\System32\bcrypt.dll
0x00007fff4c790000 - 0x00007fff4c8a4000 	C:\WINDOWS\System32\RPCRT4.dll
0x00007fff4cd30000 - 0x00007fff4cda1000 	C:\WINDOWS\System32\WS2_32.dll
0x00007fff4afd0000 - 0x00007fff4b01d000 	C:\WINDOWS\SYSTEM32\POWRPROF.dll
0x00007fff40570000 - 0x00007fff405a4000 	C:\WINDOWS\SYSTEM32\WINMM.dll
0x00007fff41160000 - 0x00007fff4116a000 	C:\WINDOWS\SYSTEM32\VERSION.dll
0x00007fff4afb0000 - 0x00007fff4afc3000 	C:\WINDOWS\SYSTEM32\UMPDC.dll
0x00007fff4a100000 - 0x00007fff4a118000 	C:\WINDOWS\SYSTEM32\kernel.appcore.dll
0x00007fff3fb60000 - 0x00007fff3fb6a000 	C:\java\OpenJDK-22\bin\jimage.dll
0x00007fff48960000 - 0x00007fff48b92000 	C:\WINDOWS\SYSTEM32\DBGHELP.DLL
0x00007fff4d0d0000 - 0x00007fff4d45f000 	C:\WINDOWS\System32\combase.dll
0x00007fff4be10000 - 0x00007fff4bee7000 	C:\WINDOWS\System32\OLEAUT32.dll
0x00007fff287f0000 - 0x00007fff28822000 	C:\WINDOWS\SYSTEM32\dbgcore.DLL
0x00007fff4b7c0000 - 0x00007fff4b83b000 	C:\WINDOWS\System32\bcryptPrimitives.dll
0x00007fff3f380000 - 0x00007fff3f39e000 	C:\java\OpenJDK-22\bin\java.dll
0x00007fff4d510000 - 0x00007fff4dd88000 	C:\WINDOWS\System32\SHELL32.dll
0x00007fff4c0e0000 - 0x00007fff4c285000 	C:\WINDOWS\System32\ole32.dll

dbghelp: loaded successfully - version: 4.0.5 - missing functions: none
symbol engine: initialized successfully - sym options: 0x614 - pdb path: .;C:\java\OpenJDK-22\bin;C:\WINDOWS\SYSTEM32;C:\WINDOWS\WinSxS\amd64_microsoft.windows.common-controls_6595b64144ccf1df_6.0.22621.4541_none_2710d1c57384c085;C:\java\OpenJDK-22\bin\server

VM Arguments:
java_command: com.method.tubesaka.TubesAKA
java_class_path (initial): D:\Semester3\DasarPemrogramanBerbasisObjek\latihanMandiri\TubesAKA\target\classes
Launcher Type: SUN_STANDARD

[Global flags]
     intx CICompilerCount                          = 4                                         {product} {ergonomic}
     uint ConcGCThreads                            = 2                                         {product} {ergonomic}
     uint G1ConcRefinementThreads                  = 8                                         {product} {ergonomic}
   size_t G1HeapRegionSize                         = 2097152                                   {product} {ergonomic}
   size_t InitialHeapSize                          = 268435456                                 {product} {ergonomic}
   size_t MarkStackSize                            = 4194304                                   {product} {ergonomic}
   size_t MaxHeapSize                              = 4263510016                                {product} {ergonomic}
   size_t MinHeapDeltaBytes                        = 2097152                                   {product} {ergonomic}
   size_t MinHeapSize                              = 8388608                                   {product} {ergonomic}
    uintx NonNMethodCodeHeapSize                   = 5839372                                {pd product} {ergonomic}
    uintx NonProfiledCodeHeapSize                  = 122909434                              {pd product} {ergonomic}
    uintx ProfiledCodeHeapSize                     = 122909434                              {pd product} {ergonomic}
    uintx ReservedCodeCacheSize                    = 251658240                              {pd product} {ergonomic}
     bool SegmentedCodeCache                       = true                                      {product} {ergonomic}
   size_t SoftMaxHeapSize                          = 4263510016                             {manageable} {ergonomic}
     bool UseCompressedOops                        = true                           {product lp64_product} {ergonomic}
     bool UseG1GC                                  = true                                      {product} {ergonomic}
     bool UseLargePagesIndividualAllocation        = false                                  {pd product} {ergonomic}

Logging:
Log output configuration:
 #0: stdout all=warning uptime,level,tags foldmultilines=false
 #1: stderr all=off uptime,level,tags foldmultilines=false

Environment Variables:
JAVA_HOME=C:\java\OpenJDK-22
PATH=C:\java\OpenJDK-22\bin;C:\ProgramData\Oracle\Java\javapath;C:\Program Files (x86)\Common Files\Oracle\Java\java8path;C:\Program Files (x86)\Common Files\Oracle\Java\javapath;C:\WINDOWS\system32;C:\WINDOWS;C:\WINDOWS\System32\Wbem;C:\WINDOWS\System32\WindowsPowerShell\v1.0\;C:\WINDOWS\System32\OpenSSH\;C:\Program Files\nodejs\;C:\Program Files\Go\bin;C:\MinGW\bin;C:\Program Files\dotnet\;C:\Users\user\AppData\Local\Microsoft\WindowsApps;;C:\Users\user\AppData\Local\Programs\Microsoft VS Code\bin;C:\Users\user\AppData\Roaming\npm;C:\Users\user\go\bin
USERNAME=user
OS=Windows_NT
PROCESSOR_IDENTIFIER=Intel64 Family 6 Model 142 Stepping 10, GenuineIntel
TMP=C:\Users\user\AppData\Local\Temp
TEMP=C:\Users\user\AppData\Local\Temp




Periodic native trim disabled

---------------  S Y S T E M  ---------------

OS:
 Windows 11 , 64 bit Build 22621 (10.0.22621.4391)
OS uptime: 0 days 8:04 hours
Hyper-V role detected

CPU: total 8 (initial active 8) (4 cores per cpu, 2 threads per core) family 6 model 142 stepping 10 microcode 0xf0, cx8, cmov, fxsr, ht, mmx, 3dnowpref, sse, sse2, sse3, ssse3, sse4.1, sse4.2, popcnt, lzcnt, tsc, tscinvbit, avx, avx2, aes, erms, clmul, bmi1, bmi2, rtm, adx, fma, vzeroupper, clflush, clflushopt, hv, rdtscp, f16c
Processor Information for all 8 processors :
  Max Mhz: 2112, Current Mhz: 1910, Mhz Limit: 1900

Memory: 4k page, system-wide physical 16262M (4298M free)
TotalPageFile size 18345M (AvailPageFile size 191M)
current process WorkingSet (physical memory assigned to process): 12M, peak: 12M
current process commit charge ("private bytes"): 60M, peak: 316M

vm_info: OpenJDK 64-Bit Server VM (22.0.1+8-16) for windows-amd64 JRE (22.0.1+8-16), built on 2024-03-12T10:33:16Z by "mach5one" with MS VC++ 17.6 (VS2022)

END.
