#
# There is insufficient memory for the Java Runtime Environment to continue.
# Native memory allocation (malloc) failed to allocate 32744 bytes. Error detail: Chunk::new
# Possible reasons:
#   The system is out of physical RAM or swap space
#   This process is running with CompressedOops enabled, and the Java Heap may be blocking the growth of the native heap
# Possible solutions:
#   Reduce memory load on the system
#   Increase physical memory or swap space
#   Check if swap backing store is full
#   Decrease Java heap size (-Xmx/-Xms)
#   Decrease number of Java threads
#   Decrease Java thread stack sizes (-Xss)
#   Set larger code cache with -XX:ReservedCodeCacheSize=
#   JVM is running with Zero Based Compressed Oops mode in which the Java heap is
#     placed in the first 32GB address space. The Java Heap base address is the
#     maximum limit for the native heap growth. Please use -XX:HeapBaseMinAddress
#     to set the Java Heap base and to place the Java Heap above 32GB virtual address.
# This output file may be truncated or incomplete.
#
#  Out of Memory Error (arena.cpp:150), pid=18084, tid=23340
#
# JRE version: OpenJDK Runtime Environment (22.0.1+8) (build 22.0.1+8-16)
# Java VM: OpenJDK 64-Bit Server VM (22.0.1+8-16, mixed mode, sharing, tiered, compressed oops, compressed class ptrs, g1 gc, windows-amd64)
# No core dump will be written. Minidumps are not enabled by default on client versions of Windows
#

---------------  S U M M A R Y ------------

Command Line: -Dclassworlds.conf=D:\NetBeans-22\netbeans\java\maven\bin\m2.conf -Dmaven.home=D:\NetBeans-22\netbeans\java\maven -Dlibrary.jansi.path=D:\NetBeans-22\netbeans\java\maven\lib\jansi-native -Dmaven.multiModuleProjectDirectory=D:\Semester3\DasarPemrogramanBerbasisObjek\latihanMandiri\TubesAKA org.codehaus.plexus.classworlds.launcher.Launcher -Dexec.vmArgs= -Dexec.args=${exec.vmArgs} -classpath %classpath ${exec.mainClass} ${exec.appArgs} -Dexec.appArgs= -Dexec.mainClass=com.method.tubesaka.TubesAKA -Dexec.executable=C:\java\OpenJDK-22\bin\java.exe -Dmaven.ext.class.path=D:\NetBeans-22\netbeans\java\maven-nblib\netbeans-eventspy.jar --no-transfer-progress process-classes org.codehaus.mojo:exec-maven-plugin:3.1.0:exec

Host: Intel(R) Core(TM) i7-8650U CPU @ 1.90GHz, 8 cores, 15G,  Windows 11 , 64 bit Build 22621 (10.0.22621.4391)
Time: Sat Dec 14 05:57:18 2024 SE Asia Standard Time elapsed time: 4.165868 seconds (0d 0h 0m 4s)

---------------  T H R E A D  ---------------

Current thread (0x000001f345494360):  JavaThread "C2 CompilerThread1" daemon [_thread_in_native, id=23340, stack(0x00000094cb200000,0x00000094cb300000) (1024K)]


Current CompileTask:
C2:4165 3664       4       java.lang.invoke.MethodType::makeImpl (109 bytes)

Stack: [0x00000094cb200000,0x00000094cb300000]
Native frames: (J=compiled Java code, j=interpreted, Vv=VM code, C=native code)
V  [jvm.dll+0x6e2279]  (no source info available)
V  [jvm.dll+0x874e33]  (no source info available)
V  [jvm.dll+0x87725e]  (no source info available)
V  [jvm.dll+0x877933]  (no source info available)
V  [jvm.dll+0x27fd76]  (no source info available)
V  [jvm.dll+0xc3d0f]  (no source info available)
V  [jvm.dll+0xc3f6b]  (no source info available)
V  [jvm.dll+0x3c03a5]  (no source info available)
V  [jvm.dll+0x5ed6c4]  (no source info available)
V  [jvm.dll+0x387b9a]  (no source info available)
V  [jvm.dll+0x386fda]  (no source info available)
V  [jvm.dll+0x247918]  (no source info available)
V  [jvm.dll+0x246fbf]  (no source info available)
V  [jvm.dll+0x1c4e90]  (no source info available)
V  [jvm.dll+0x2569fe]  (no source info available)
V  [jvm.dll+0x254cba]  (no source info available)
V  [jvm.dll+0x3f5336]  (no source info available)
V  [jvm.dll+0x81d44b]  (no source info available)
V  [jvm.dll+0x6e0915]  (no source info available)
C  [ucrtbase.dll+0x29333]  (no source info available)
C  [KERNEL32.DLL+0x1259d]  (no source info available)
C  [ntdll.dll+0x5af38]  (no source info available)


---------------  P R O C E S S  ---------------

Threads class SMR info:
_java_thread_list=0x000001f346b2c1f0, length=13, elements={
0x000001f35a4ff600, 0x000001f37b4fbbd0, 0x000001f37b4fc4a0, 0x000001f37b500160,
0x000001f37b505d70, 0x000001f37b50d260, 0x000001f37b50aa70, 0x000001f37b50c150,
0x000001f37b5160b0, 0x000001f345289820, 0x000001f34528c6b0, 0x000001f345494360,
0x000001f34695ba40
}

Java Threads: ( => current thread )
  0x000001f35a4ff600 JavaThread "main"                              [_thread_in_vm, id=21772, stack(0x00000094ca000000,0x00000094ca100000) (1024K)]
  0x000001f37b4fbbd0 JavaThread "Reference Handler"          daemon [_thread_blocked, id=27204, stack(0x00000094ca800000,0x00000094ca900000) (1024K)]
  0x000001f37b4fc4a0 JavaThread "Finalizer"                  daemon [_thread_blocked, id=27552, stack(0x00000094ca900000,0x00000094caa00000) (1024K)]
  0x000001f37b500160 JavaThread "Signal Dispatcher"          daemon [_thread_blocked, id=21200, stack(0x00000094caa00000,0x00000094cab00000) (1024K)]
  0x000001f37b505d70 JavaThread "Attach Listener"            daemon [_thread_blocked, id=24376, stack(0x00000094cab00000,0x00000094cac00000) (1024K)]
  0x000001f37b50d260 JavaThread "Service Thread"             daemon [_thread_blocked, id=10256, stack(0x00000094cac00000,0x00000094cad00000) (1024K)]
  0x000001f37b50aa70 JavaThread "Monitor Deflation Thread"   daemon [_thread_blocked, id=15740, stack(0x00000094cad00000,0x00000094cae00000) (1024K)]
  0x000001f37b50c150 JavaThread "C2 CompilerThread0"         daemon [_thread_in_native, id=25124, stack(0x00000094cae00000,0x00000094caf00000) (1024K)]
  0x000001f37b5160b0 JavaThread "C1 CompilerThread0"         daemon [_thread_blocked, id=26660, stack(0x00000094caf00000,0x00000094cb000000) (1024K)]
  0x000001f345289820 JavaThread "Notification Thread"        daemon [_thread_blocked, id=18968, stack(0x00000094cb000000,0x00000094cb100000) (1024K)]
  0x000001f34528c6b0 JavaThread "Common-Cleaner"             daemon [_thread_blocked, id=27896, stack(0x00000094cb100000,0x00000094cb200000) (1024K)]
=>0x000001f345494360 JavaThread "C2 CompilerThread1"         daemon [_thread_in_native, id=23340, stack(0x00000094cb200000,0x00000094cb300000) (1024K)]
  0x000001f34695ba40 JavaThread "C2 CompilerThread2"         daemon [_thread_in_native, id=22244, stack(0x00000094cb300000,0x00000094cb400000) (1024K)]
Total: 13

Other Threads:
  0x000001f37b4d9e10 VMThread "VM Thread"                           [id=27792, stack(0x00000094ca700000,0x00000094ca800000) (1024K)]
  0x000001f37b4c0550 WatcherThread "VM Periodic Task Thread"        [id=20180, stack(0x00000094ca600000,0x00000094ca700000) (1024K)]
  0x000001f35a563d00 WorkerThread "GC Thread#0"                     [id=19128, stack(0x00000094ca100000,0x00000094ca200000) (1024K)]
  0x000001f346a11010 WorkerThread "GC Thread#1"                     [id=8292, stack(0x00000094cb400000,0x00000094cb500000) (1024K)]
  0x000001f346824120 WorkerThread "GC Thread#2"                     [id=12056, stack(0x00000094cb500000,0x00000094cb600000) (1024K)]
  0x000001f3468244d0 WorkerThread "GC Thread#3"                     [id=22488, stack(0x00000094cb600000,0x00000094cb700000) (1024K)]
  0x000001f346824880 WorkerThread "GC Thread#4"                     [id=25708, stack(0x00000094cb700000,0x00000094cb800000) (1024K)]
  0x000001f34698b210 WorkerThread "GC Thread#5"                     [id=28356, stack(0x00000094cb800000,0x00000094cb900000) (1024K)]
  0x000001f3460de6c0 WorkerThread "GC Thread#6"                     [id=24192, stack(0x00000094cb900000,0x00000094cba00000) (1024K)]
  0x000001f3460dea70 WorkerThread "GC Thread#7"                     [id=19380, stack(0x00000094cba00000,0x00000094cbb00000) (1024K)]
  0x000001f35a574b00 ConcurrentGCThread "G1 Main Marker"            [id=19408, stack(0x00000094ca200000,0x00000094ca300000) (1024K)]
  0x000001f35a5757c0 WorkerThread "G1 Conc#0"                       [id=21920, stack(0x00000094ca300000,0x00000094ca400000) (1024K)]
  0x000001f37b3851a0 ConcurrentGCThread "G1 Refine#0"               [id=25748, stack(0x00000094ca400000,0x00000094ca500000) (1024K)]
  0x000001f37b385930 ConcurrentGCThread "G1 Service"                [id=21204, stack(0x00000094ca500000,0x00000094ca600000) (1024K)]
Total: 14

Threads with active compile tasks:
C2 CompilerThread0  4370 3800       4       jdk.internal.loader.BuiltinClassLoader::findLoadedModule (33 bytes)
C2 CompilerThread1  4370 3664       4       java.lang.invoke.MethodType::makeImpl (109 bytes)
C2 CompilerThread2  4370 3764       4       java.lang.invoke.MethodType::methodType (69 bytes)
Total: 3

VM state: not at safepoint (normal execution)

VM Mutex/Monitor currently owned by a thread: None

Heap address: 0x0000000701e00000, size: 4066 MB, Compressed Oops mode: Zero based, Oop shift amount: 3

CDS archive(s) mapped at: [0x000001f300000000-0x000001f300c50000-0x000001f300c50000), size 12910592, SharedBaseAddress: 0x000001f300000000, ArchiveRelocationMode: 1.
Compressed class space mapped at: 0x000001f301000000-0x000001f341000000, reserved size: 1073741824
Narrow klass base: 0x000001f300000000, Narrow klass shift: 0, Narrow klass range: 0x41000000

GC Precious Log:
 CardTable entry size: 512
 Card Set container configuration: InlinePtr #cards 4 size 8 Array Of Cards #cards 16 size 48 Howl #buckets 8 coarsen threshold 3686 Howl Bitmap #cards 512 size 80 coarsen threshold 460 Card regions per heap region 1 cards per card region 4096
 CPUs: 8 total, 8 available
 Memory: 16262M
 Large Page Support: Disabled
 NUMA Support: Disabled
 Compressed Oops: Enabled (Zero based)
 Heap Region Size: 2M
 Heap Min Capacity: 8M
 Heap Initial Capacity: 256M
 Heap Max Capacity: 4066M
 Pre-touch: Disabled
 Parallel Workers: 8
 Concurrent Workers: 2
 Concurrent Refinement Workers: 8
 Periodic GC: Disabled

Heap:
 garbage-first heap   total reserved 4163584K, committed 262144K, used 55847K [0x0000000701e00000, 0x0000000800000000)
  region size 2048K, 27 young (55296K), 2 survivors (4096K)
 Metaspace       used 19750K, committed 20096K, reserved 1114112K
  class space    used 2401K, committed 2560K, reserved 1048576K

Heap Regions: E=young(eden), S=young(survivor), O=old, HS=humongous(starts), HC=humongous(continues), CS=collection set, F=free, TAMS=top-at-mark-start, PB=parsable bottom
|   0|0x0000000701e00000, 0x0000000702000000, 0x0000000702000000|100%| O|  |TAMS 0x0000000701e00000| PB 0x0000000701e00000| Untracked |  0
|   1|0x0000000702000000, 0x00000007021c4448, 0x0000000702200000| 88%| O|  |TAMS 0x0000000702000000| PB 0x0000000702000000| Untracked |  0
|   2|0x0000000702200000, 0x0000000702200000, 0x0000000702400000|  0%| F|  |TAMS 0x0000000702200000| PB 0x0000000702200000| Untracked |  0
|   3|0x0000000702400000, 0x0000000702400000, 0x0000000702600000|  0%| F|  |TAMS 0x0000000702400000| PB 0x0000000702400000| Untracked |  0
|   4|0x0000000702600000, 0x0000000702600000, 0x0000000702800000|  0%| F|  |TAMS 0x0000000702600000| PB 0x0000000702600000| Untracked |  0
|   5|0x0000000702800000, 0x0000000702800000, 0x0000000702a00000|  0%| F|  |TAMS 0x0000000702800000| PB 0x0000000702800000| Untracked |  0
|   6|0x0000000702a00000, 0x0000000702a00000, 0x0000000702c00000|  0%| F|  |TAMS 0x0000000702a00000| PB 0x0000000702a00000| Untracked |  0
|   7|0x0000000702c00000, 0x0000000702c00000, 0x0000000702e00000|  0%| F|  |TAMS 0x0000000702c00000| PB 0x0000000702c00000| Untracked |  0
|   8|0x0000000702e00000, 0x0000000702e00000, 0x0000000703000000|  0%| F|  |TAMS 0x0000000702e00000| PB 0x0000000702e00000| Untracked |  0
|   9|0x0000000703000000, 0x0000000703000000, 0x0000000703200000|  0%| F|  |TAMS 0x0000000703000000| PB 0x0000000703000000| Untracked |  0
|  10|0x0000000703200000, 0x0000000703200000, 0x0000000703400000|  0%| F|  |TAMS 0x0000000703200000| PB 0x0000000703200000| Untracked |  0
|  11|0x0000000703400000, 0x0000000703400000, 0x0000000703600000|  0%| F|  |TAMS 0x0000000703400000| PB 0x0000000703400000| Untracked |  0
|  12|0x0000000703600000, 0x0000000703600000, 0x0000000703800000|  0%| F|  |TAMS 0x0000000703600000| PB 0x0000000703600000| Untracked |  0
|  13|0x0000000703800000, 0x0000000703800000, 0x0000000703a00000|  0%| F|  |TAMS 0x0000000703800000| PB 0x0000000703800000| Untracked |  0
|  14|0x0000000703a00000, 0x0000000703a00000, 0x0000000703c00000|  0%| F|  |TAMS 0x0000000703a00000| PB 0x0000000703a00000| Untracked |  0
|  15|0x0000000703c00000, 0x0000000703c00000, 0x0000000703e00000|  0%| F|  |TAMS 0x0000000703c00000| PB 0x0000000703c00000| Untracked |  0
|  16|0x0000000703e00000, 0x0000000703e00000, 0x0000000704000000|  0%| F|  |TAMS 0x0000000703e00000| PB 0x0000000703e00000| Untracked |  0
|  17|0x0000000704000000, 0x0000000704000000, 0x0000000704200000|  0%| F|  |TAMS 0x0000000704000000| PB 0x0000000704000000| Untracked |  0
|  18|0x0000000704200000, 0x0000000704200000, 0x0000000704400000|  0%| F|  |TAMS 0x0000000704200000| PB 0x0000000704200000| Untracked |  0
|  19|0x0000000704400000, 0x0000000704400000, 0x0000000704600000|  0%| F|  |TAMS 0x0000000704400000| PB 0x0000000704400000| Untracked |  0
|  20|0x0000000704600000, 0x0000000704600000, 0x0000000704800000|  0%| F|  |TAMS 0x0000000704600000| PB 0x0000000704600000| Untracked |  0
|  21|0x0000000704800000, 0x0000000704800000, 0x0000000704a00000|  0%| F|  |TAMS 0x0000000704800000| PB 0x0000000704800000| Untracked |  0
|  22|0x0000000704a00000, 0x0000000704a00000, 0x0000000704c00000|  0%| F|  |TAMS 0x0000000704a00000| PB 0x0000000704a00000| Untracked |  0
|  23|0x0000000704c00000, 0x0000000704c00000, 0x0000000704e00000|  0%| F|  |TAMS 0x0000000704c00000| PB 0x0000000704c00000| Untracked |  0
|  24|0x0000000704e00000, 0x0000000704e00000, 0x0000000705000000|  0%| F|  |TAMS 0x0000000704e00000| PB 0x0000000704e00000| Untracked |  0
|  25|0x0000000705000000, 0x0000000705000000, 0x0000000705200000|  0%| F|  |TAMS 0x0000000705000000| PB 0x0000000705000000| Untracked |  0
|  26|0x0000000705200000, 0x0000000705200000, 0x0000000705400000|  0%| F|  |TAMS 0x0000000705200000| PB 0x0000000705200000| Untracked |  0
|  27|0x0000000705400000, 0x0000000705400000, 0x0000000705600000|  0%| F|  |TAMS 0x0000000705400000| PB 0x0000000705400000| Untracked |  0
|  28|0x0000000705600000, 0x0000000705600000, 0x0000000705800000|  0%| F|  |TAMS 0x0000000705600000| PB 0x0000000705600000| Untracked |  0
|  29|0x0000000705800000, 0x0000000705800000, 0x0000000705a00000|  0%| F|  |TAMS 0x0000000705800000| PB 0x0000000705800000| Untracked |  0
|  30|0x0000000705a00000, 0x0000000705a00000, 0x0000000705c00000|  0%| F|  |TAMS 0x0000000705a00000| PB 0x0000000705a00000| Untracked |  0
|  31|0x0000000705c00000, 0x0000000705c00000, 0x0000000705e00000|  0%| F|  |TAMS 0x0000000705c00000| PB 0x0000000705c00000| Untracked |  0
|  32|0x0000000705e00000, 0x0000000705e00000, 0x0000000706000000|  0%| F|  |TAMS 0x0000000705e00000| PB 0x0000000705e00000| Untracked |  0
|  33|0x0000000706000000, 0x0000000706000000, 0x0000000706200000|  0%| F|  |TAMS 0x0000000706000000| PB 0x0000000706000000| Untracked |  0
|  34|0x0000000706200000, 0x0000000706200000, 0x0000000706400000|  0%| F|  |TAMS 0x0000000706200000| PB 0x0000000706200000| Untracked |  0
|  35|0x0000000706400000, 0x0000000706400000, 0x0000000706600000|  0%| F|  |TAMS 0x0000000706400000| PB 0x0000000706400000| Untracked |  0
|  36|0x0000000706600000, 0x0000000706600000, 0x0000000706800000|  0%| F|  |TAMS 0x0000000706600000| PB 0x0000000706600000| Untracked |  0
|  37|0x0000000706800000, 0x0000000706800000, 0x0000000706a00000|  0%| F|  |TAMS 0x0000000706800000| PB 0x0000000706800000| Untracked |  0
|  38|0x0000000706a00000, 0x0000000706a00000, 0x0000000706c00000|  0%| F|  |TAMS 0x0000000706a00000| PB 0x0000000706a00000| Untracked |  0
|  39|0x0000000706c00000, 0x0000000706c00000, 0x0000000706e00000|  0%| F|  |TAMS 0x0000000706c00000| PB 0x0000000706c00000| Untracked |  0
|  40|0x0000000706e00000, 0x0000000706e00000, 0x0000000707000000|  0%| F|  |TAMS 0x0000000706e00000| PB 0x0000000706e00000| Untracked |  0
|  41|0x0000000707000000, 0x0000000707000000, 0x0000000707200000|  0%| F|  |TAMS 0x0000000707000000| PB 0x0000000707000000| Untracked |  0
|  42|0x0000000707200000, 0x0000000707200000, 0x0000000707400000|  0%| F|  |TAMS 0x0000000707200000| PB 0x0000000707200000| Untracked |  0
|  43|0x0000000707400000, 0x0000000707400000, 0x0000000707600000|  0%| F|  |TAMS 0x0000000707400000| PB 0x0000000707400000| Untracked |  0
|  44|0x0000000707600000, 0x0000000707600000, 0x0000000707800000|  0%| F|  |TAMS 0x0000000707600000| PB 0x0000000707600000| Untracked |  0
|  45|0x0000000707800000, 0x0000000707800000, 0x0000000707a00000|  0%| F|  |TAMS 0x0000000707800000| PB 0x0000000707800000| Untracked |  0
|  46|0x0000000707a00000, 0x0000000707a00000, 0x0000000707c00000|  0%| F|  |TAMS 0x0000000707a00000| PB 0x0000000707a00000| Untracked |  0
|  47|0x0000000707c00000, 0x0000000707c00000, 0x0000000707e00000|  0%| F|  |TAMS 0x0000000707c00000| PB 0x0000000707c00000| Untracked |  0
|  48|0x0000000707e00000, 0x0000000707e00000, 0x0000000708000000|  0%| F|  |TAMS 0x0000000707e00000| PB 0x0000000707e00000| Untracked |  0
|  49|0x0000000708000000, 0x0000000708000000, 0x0000000708200000|  0%| F|  |TAMS 0x0000000708000000| PB 0x0000000708000000| Untracked |  0
|  50|0x0000000708200000, 0x0000000708200000, 0x0000000708400000|  0%| F|  |TAMS 0x0000000708200000| PB 0x0000000708200000| Untracked |  0
|  51|0x0000000708400000, 0x0000000708400000, 0x0000000708600000|  0%| F|  |TAMS 0x0000000708400000| PB 0x0000000708400000| Untracked |  0
|  52|0x0000000708600000, 0x0000000708600000, 0x0000000708800000|  0%| F|  |TAMS 0x0000000708600000| PB 0x0000000708600000| Untracked |  0
|  53|0x0000000708800000, 0x0000000708800000, 0x0000000708a00000|  0%| F|  |TAMS 0x0000000708800000| PB 0x0000000708800000| Untracked |  0
|  54|0x0000000708a00000, 0x0000000708a00000, 0x0000000708c00000|  0%| F|  |TAMS 0x0000000708a00000| PB 0x0000000708a00000| Untracked |  0
|  55|0x0000000708c00000, 0x0000000708c00000, 0x0000000708e00000|  0%| F|  |TAMS 0x0000000708c00000| PB 0x0000000708c00000| Untracked |  0
|  56|0x0000000708e00000, 0x0000000708e00000, 0x0000000709000000|  0%| F|  |TAMS 0x0000000708e00000| PB 0x0000000708e00000| Untracked |  0
|  57|0x0000000709000000, 0x0000000709000000, 0x0000000709200000|  0%| F|  |TAMS 0x0000000709000000| PB 0x0000000709000000| Untracked |  0
|  58|0x0000000709200000, 0x0000000709200000, 0x0000000709400000|  0%| F|  |TAMS 0x0000000709200000| PB 0x0000000709200000| Untracked |  0
|  59|0x0000000709400000, 0x0000000709400000, 0x0000000709600000|  0%| F|  |TAMS 0x0000000709400000| PB 0x0000000709400000| Untracked |  0
|  60|0x0000000709600000, 0x0000000709600000, 0x0000000709800000|  0%| F|  |TAMS 0x0000000709600000| PB 0x0000000709600000| Untracked |  0
|  61|0x0000000709800000, 0x0000000709800000, 0x0000000709a00000|  0%| F|  |TAMS 0x0000000709800000| PB 0x0000000709800000| Untracked |  0
|  62|0x0000000709a00000, 0x0000000709a00000, 0x0000000709c00000|  0%| F|  |TAMS 0x0000000709a00000| PB 0x0000000709a00000| Untracked |  0
|  63|0x0000000709c00000, 0x0000000709c00000, 0x0000000709e00000|  0%| F|  |TAMS 0x0000000709c00000| PB 0x0000000709c00000| Untracked |  0
|  64|0x0000000709e00000, 0x0000000709e00000, 0x000000070a000000|  0%| F|  |TAMS 0x0000000709e00000| PB 0x0000000709e00000| Untracked |  0
|  65|0x000000070a000000, 0x000000070a000000, 0x000000070a200000|  0%| F|  |TAMS 0x000000070a000000| PB 0x000000070a000000| Untracked |  0
|  66|0x000000070a200000, 0x000000070a200000, 0x000000070a400000|  0%| F|  |TAMS 0x000000070a200000| PB 0x000000070a200000| Untracked |  0
|  67|0x000000070a400000, 0x000000070a400000, 0x000000070a600000|  0%| F|  |TAMS 0x000000070a400000| PB 0x000000070a400000| Untracked |  0
|  68|0x000000070a600000, 0x000000070a600000, 0x000000070a800000|  0%| F|  |TAMS 0x000000070a600000| PB 0x000000070a600000| Untracked |  0
|  69|0x000000070a800000, 0x000000070a800000, 0x000000070aa00000|  0%| F|  |TAMS 0x000000070a800000| PB 0x000000070a800000| Untracked |  0
|  70|0x000000070aa00000, 0x000000070aa00000, 0x000000070ac00000|  0%| F|  |TAMS 0x000000070aa00000| PB 0x000000070aa00000| Untracked |  0
|  71|0x000000070ac00000, 0x000000070ac00000, 0x000000070ae00000|  0%| F|  |TAMS 0x000000070ac00000| PB 0x000000070ac00000| Untracked |  0
|  72|0x000000070ae00000, 0x000000070ae00000, 0x000000070b000000|  0%| F|  |TAMS 0x000000070ae00000| PB 0x000000070ae00000| Untracked |  0
|  73|0x000000070b000000, 0x000000070b000000, 0x000000070b200000|  0%| F|  |TAMS 0x000000070b000000| PB 0x000000070b000000| Untracked |  0
|  74|0x000000070b200000, 0x000000070b200000, 0x000000070b400000|  0%| F|  |TAMS 0x000000070b200000| PB 0x000000070b200000| Untracked |  0
|  75|0x000000070b400000, 0x000000070b400000, 0x000000070b600000|  0%| F|  |TAMS 0x000000070b400000| PB 0x000000070b400000| Untracked |  0
|  76|0x000000070b600000, 0x000000070b600000, 0x000000070b800000|  0%| F|  |TAMS 0x000000070b600000| PB 0x000000070b600000| Untracked |  0
|  77|0x000000070b800000, 0x000000070b800000, 0x000000070ba00000|  0%| F|  |TAMS 0x000000070b800000| PB 0x000000070b800000| Untracked |  0
|  78|0x000000070ba00000, 0x000000070ba00000, 0x000000070bc00000|  0%| F|  |TAMS 0x000000070ba00000| PB 0x000000070ba00000| Untracked |  0
|  79|0x000000070bc00000, 0x000000070bc00000, 0x000000070be00000|  0%| F|  |TAMS 0x000000070bc00000| PB 0x000000070bc00000| Untracked |  0
|  80|0x000000070be00000, 0x000000070be00000, 0x000000070c000000|  0%| F|  |TAMS 0x000000070be00000| PB 0x000000070be00000| Untracked |  0
|  81|0x000000070c000000, 0x000000070c000000, 0x000000070c200000|  0%| F|  |TAMS 0x000000070c000000| PB 0x000000070c000000| Untracked |  0
|  82|0x000000070c200000, 0x000000070c200000, 0x000000070c400000|  0%| F|  |TAMS 0x000000070c200000| PB 0x000000070c200000| Untracked |  0
|  83|0x000000070c400000, 0x000000070c400000, 0x000000070c600000|  0%| F|  |TAMS 0x000000070c400000| PB 0x000000070c400000| Untracked |  0
|  84|0x000000070c600000, 0x000000070c600000, 0x000000070c800000|  0%| F|  |TAMS 0x000000070c600000| PB 0x000000070c600000| Untracked |  0
|  85|0x000000070c800000, 0x000000070c800000, 0x000000070ca00000|  0%| F|  |TAMS 0x000000070c800000| PB 0x000000070c800000| Untracked |  0
|  86|0x000000070ca00000, 0x000000070ca00000, 0x000000070cc00000|  0%| F|  |TAMS 0x000000070ca00000| PB 0x000000070ca00000| Untracked |  0
|  87|0x000000070cc00000, 0x000000070cc00000, 0x000000070ce00000|  0%| F|  |TAMS 0x000000070cc00000| PB 0x000000070cc00000| Untracked |  0
|  88|0x000000070ce00000, 0x000000070ce00000, 0x000000070d000000|  0%| F|  |TAMS 0x000000070ce00000| PB 0x000000070ce00000| Untracked |  0
|  89|0x000000070d000000, 0x000000070d000000, 0x000000070d200000|  0%| F|  |TAMS 0x000000070d000000| PB 0x000000070d000000| Untracked |  0
|  90|0x000000070d200000, 0x000000070d200000, 0x000000070d400000|  0%| F|  |TAMS 0x000000070d200000| PB 0x000000070d200000| Untracked |  0
|  91|0x000000070d400000, 0x000000070d400000, 0x000000070d600000|  0%| F|  |TAMS 0x000000070d400000| PB 0x000000070d400000| Untracked |  0
|  92|0x000000070d600000, 0x000000070d600000, 0x000000070d800000|  0%| F|  |TAMS 0x000000070d600000| PB 0x000000070d600000| Untracked |  0
|  93|0x000000070d800000, 0x000000070d800000, 0x000000070da00000|  0%| F|  |TAMS 0x000000070d800000| PB 0x000000070d800000| Untracked |  0
|  94|0x000000070da00000, 0x000000070da00000, 0x000000070dc00000|  0%| F|  |TAMS 0x000000070da00000| PB 0x000000070da00000| Untracked |  0
|  95|0x000000070dc00000, 0x000000070dc00000, 0x000000070de00000|  0%| F|  |TAMS 0x000000070dc00000| PB 0x000000070dc00000| Untracked |  0
|  96|0x000000070de00000, 0x000000070de00000, 0x000000070e000000|  0%| F|  |TAMS 0x000000070de00000| PB 0x000000070de00000| Untracked |  0
|  97|0x000000070e000000, 0x000000070e000000, 0x000000070e200000|  0%| F|  |TAMS 0x000000070e000000| PB 0x000000070e000000| Untracked |  0
|  98|0x000000070e200000, 0x000000070e200000, 0x000000070e400000|  0%| F|  |TAMS 0x000000070e200000| PB 0x000000070e200000| Untracked |  0
|  99|0x000000070e400000, 0x000000070e400000, 0x000000070e600000|  0%| F|  |TAMS 0x000000070e400000| PB 0x000000070e400000| Untracked |  0
| 100|0x000000070e600000, 0x000000070e600000, 0x000000070e800000|  0%| F|  |TAMS 0x000000070e600000| PB 0x000000070e600000| Untracked |  0
| 101|0x000000070e800000, 0x000000070e963318, 0x000000070ea00000| 69%| E|  |TAMS 0x000000070e800000| PB 0x000000070e800000| Complete |  0
| 102|0x000000070ea00000, 0x000000070ec00000, 0x000000070ec00000|100%| E|CS|TAMS 0x000000070ea00000| PB 0x000000070ea00000| Complete |  0
| 103|0x000000070ec00000, 0x000000070ee00000, 0x000000070ee00000|100%| E|CS|TAMS 0x000000070ec00000| PB 0x000000070ec00000| Complete |  0
| 104|0x000000070ee00000, 0x000000070f000000, 0x000000070f000000|100%| E|CS|TAMS 0x000000070ee00000| PB 0x000000070ee00000| Complete |  0
| 105|0x000000070f000000, 0x000000070f200000, 0x000000070f200000|100%| E|CS|TAMS 0x000000070f000000| PB 0x000000070f000000| Complete |  0
| 106|0x000000070f200000, 0x000000070f2c5928, 0x000000070f400000| 38%| S|CS|TAMS 0x000000070f200000| PB 0x000000070f200000| Complete |  0
| 107|0x000000070f400000, 0x000000070f600000, 0x000000070f600000|100%| S|CS|TAMS 0x000000070f400000| PB 0x000000070f400000| Complete |  0
| 108|0x000000070f600000, 0x000000070f800000, 0x000000070f800000|100%| E|CS|TAMS 0x000000070f600000| PB 0x000000070f600000| Complete |  0
| 109|0x000000070f800000, 0x000000070fa00000, 0x000000070fa00000|100%| E|CS|TAMS 0x000000070f800000| PB 0x000000070f800000| Complete |  0
| 110|0x000000070fa00000, 0x000000070fc00000, 0x000000070fc00000|100%| E|CS|TAMS 0x000000070fa00000| PB 0x000000070fa00000| Complete |  0
| 111|0x000000070fc00000, 0x000000070fe00000, 0x000000070fe00000|100%| E|CS|TAMS 0x000000070fc00000| PB 0x000000070fc00000| Complete |  0
| 112|0x000000070fe00000, 0x0000000710000000, 0x0000000710000000|100%| E|CS|TAMS 0x000000070fe00000| PB 0x000000070fe00000| Complete |  0
| 113|0x0000000710000000, 0x0000000710200000, 0x0000000710200000|100%| E|CS|TAMS 0x0000000710000000| PB 0x0000000710000000| Complete |  0
| 114|0x0000000710200000, 0x0000000710400000, 0x0000000710400000|100%| E|CS|TAMS 0x0000000710200000| PB 0x0000000710200000| Complete |  0
| 115|0x0000000710400000, 0x0000000710600000, 0x0000000710600000|100%| E|CS|TAMS 0x0000000710400000| PB 0x0000000710400000| Complete |  0
| 116|0x0000000710600000, 0x0000000710800000, 0x0000000710800000|100%| E|CS|TAMS 0x0000000710600000| PB 0x0000000710600000| Complete |  0
| 117|0x0000000710800000, 0x0000000710a00000, 0x0000000710a00000|100%| E|CS|TAMS 0x0000000710800000| PB 0x0000000710800000| Complete |  0
| 118|0x0000000710a00000, 0x0000000710c00000, 0x0000000710c00000|100%| E|CS|TAMS 0x0000000710a00000| PB 0x0000000710a00000| Complete |  0
| 119|0x0000000710c00000, 0x0000000710e00000, 0x0000000710e00000|100%| E|CS|TAMS 0x0000000710c00000| PB 0x0000000710c00000| Complete |  0
| 120|0x0000000710e00000, 0x0000000711000000, 0x0000000711000000|100%| E|CS|TAMS 0x0000000710e00000| PB 0x0000000710e00000| Complete |  0
| 121|0x0000000711000000, 0x0000000711200000, 0x0000000711200000|100%| E|CS|TAMS 0x0000000711000000| PB 0x0000000711000000| Complete |  0
| 122|0x0000000711200000, 0x0000000711400000, 0x0000000711400000|100%| E|CS|TAMS 0x0000000711200000| PB 0x0000000711200000| Complete |  0
| 123|0x0000000711400000, 0x0000000711600000, 0x0000000711600000|100%| E|CS|TAMS 0x0000000711400000| PB 0x0000000711400000| Complete |  0
| 124|0x0000000711600000, 0x0000000711800000, 0x0000000711800000|100%| E|CS|TAMS 0x0000000711600000| PB 0x0000000711600000| Complete |  0
| 125|0x0000000711800000, 0x0000000711a00000, 0x0000000711a00000|100%| E|CS|TAMS 0x0000000711800000| PB 0x0000000711800000| Complete |  0
| 126|0x0000000711a00000, 0x0000000711c00000, 0x0000000711c00000|100%| E|CS|TAMS 0x0000000711a00000| PB 0x0000000711a00000| Complete |  0
| 127|0x0000000711c00000, 0x0000000711e00000, 0x0000000711e00000|100%| E|CS|TAMS 0x0000000711c00000| PB 0x0000000711c00000| Complete |  0

Card table byte_map: [0x000001f374290000,0x000001f374a90000] _byte_map_base: 0x000001f370a81000

Marking Bits: (CMBitMap*) 0x000001f35a564410
 Bits: [0x000001f374a90000, 0x000001f378a18000)

Polling page: 0x000001f35a5c0000

Metaspace:

Usage:
  Non-class:     16.94 MB used.
      Class:      2.34 MB used.
       Both:     19.29 MB used.

Virtual space:
  Non-class space:       64.00 MB reserved,      17.12 MB ( 27%) committed,  1 nodes.
      Class space:        1.00 GB reserved,       2.50 MB ( <1%) committed,  1 nodes.
             Both:        1.06 GB reserved,      19.62 MB (  2%) committed. 

Chunk freelists:
   Non-Class:  14.78 MB
       Class:  13.39 MB
        Both:  28.17 MB

MaxMetaspaceSize: unlimited
CompressedClassSpaceSize: 1.00 GB
Initial GC threshold: 21.00 MB
Current GC threshold: 21.00 MB
CDS: on
 - commit_granule_bytes: 65536.
 - commit_granule_words: 8192.
 - virtual_space_node_default_size: 8388608.
 - enlarge_chunks_in_place: 1.
 - use_allocation_guard: 0.


Internal statistics:

num_allocs_failed_limit: 0.
num_arena_births: 202.
num_arena_deaths: 0.
num_vsnodes_births: 2.
num_vsnodes_deaths: 0.
num_space_committed: 314.
num_space_uncommitted: 0.
num_chunks_returned_to_freelist: 0.
num_chunks_taken_from_freelist: 885.
num_chunk_merges: 0.
num_chunk_splits: 620.
num_chunks_enlarged: 505.
num_inconsistent_stats: 0.

CodeHeap 'non-profiled nmethods': size=120000Kb used=1672Kb max_used=1672Kb free=118328Kb
 bounds [0x000001f36bb00000, 0x000001f36bd70000, 0x000001f373030000]
CodeHeap 'profiled nmethods': size=120000Kb used=7473Kb max_used=7473Kb free=112526Kb
 bounds [0x000001f364030000, 0x000001f364780000, 0x000001f36b560000]
CodeHeap 'non-nmethods': size=5760Kb used=1422Kb max_used=1464Kb free=4337Kb
 bounds [0x000001f36b560000, 0x000001f36b7d0000, 0x000001f36bb00000]
 total_blobs=4307 nmethods=3797 adapters=414
 compilation: enabled
              stopped_count=0, restarted_count=0
 full_count=0

Compilation events (20 events):
Event: 4.095 Thread 0x000001f37b5160b0 3793       3       jdk.internal.jimage.BasicImageReader::getAttributes (35 bytes)
Event: 4.095 Thread 0x000001f37b5160b0 nmethod 3793 0x000001f364774390 code [0x000001f364774560, 0x000001f364774808]
Event: 4.095 Thread 0x000001f37b5160b0 3794       3       jdk.internal.jimage.ImageLocation::verify (38 bytes)
Event: 4.096 Thread 0x000001f37b5160b0 nmethod 3794 0x000001f364774910 code [0x000001f364774b20, 0x000001f3647750b8]
Event: 4.096 Thread 0x000001f37b5160b0 3795       3       jdk.internal.loader.BuiltinClassLoader$LoadedModule::codeSourceURL (32 bytes)
Event: 4.096 Thread 0x000001f37b5160b0 nmethod 3795 0x000001f364775390 code [0x000001f364775560, 0x000001f364775888]
Event: 4.097 Thread 0x000001f37b5160b0 3792   !   3       jdk.internal.loader.BuiltinClassLoader::defineClass (162 bytes)
Event: 4.097 Thread 0x000001f37b50c150 nmethod 3787 0x000001f36bca0e90 code [0x000001f36bca1060, 0x000001f36bca14e8]
Event: 4.097 Thread 0x000001f37b50c150 3788       4       java.security.CodeSource::getCertificates (95 bytes)
Event: 4.098 Thread 0x000001f37b50c150 nmethod 3788 0x000001f36bca1910 code [0x000001f36bca1aa0, 0x000001f36bca1b70]
Event: 4.100 Thread 0x000001f37b5160b0 nmethod 3792 0x000001f364775a10 code [0x000001f364775ec0, 0x000001f364778548]
Event: 4.100 Thread 0x000001f37b5160b0 3796       3       java.lang.invoke.MethodHandleNatives::isCallerSensitive (29 bytes)
Event: 4.100 Thread 0x000001f37b5160b0 nmethod 3796 0x000001f364779690 code [0x000001f364779860, 0x000001f364779c88]
Event: 4.100 Thread 0x000001f37b5160b0 3797       3       java.lang.invoke.MethodHandleNatives::canBeCalledVirtual (49 bytes)
Event: 4.101 Thread 0x000001f37b5160b0 nmethod 3797 0x000001f364779e10 code [0x000001f36477a000, 0x000001f36477a4a8]
Event: 4.118 Thread 0x000001f37b5160b0 3798       3       java.util.HashMap::computeIfAbsent (330 bytes)
Event: 4.120 Thread 0x000001f37b5160b0 nmethod 3798 0x000001f36477a610 code [0x000001f36477a920, 0x000001f36477bef0]
Event: 4.129 Thread 0x000001f37b50c150 3799       4       java.lang.ClassLoader::getClassLoadingLock (35 bytes)
Event: 4.132 Thread 0x000001f37b50c150 nmethod 3799 0x000001f36bca1c10 code [0x000001f36bca1da0, 0x000001f36bca1ef0]
Event: 4.132 Thread 0x000001f37b50c150 3800       4       jdk.internal.loader.BuiltinClassLoader::findLoadedModule (33 bytes)

GC Heap History (4 events):
Event: 1.022 GC heap before
{Heap before GC invocations=0 (full 0):
 garbage-first heap   total reserved 4163584K, committed 262144K, used 22528K [0x0000000701e00000, 0x0000000800000000)
  region size 2048K, 12 young (24576K), 0 survivors (0K)
 Metaspace       used 5709K, committed 5888K, reserved 1114112K
  class space    used 673K, committed 768K, reserved 1048576K
}
Event: 1.030 GC heap after
{Heap after GC invocations=1 (full 0):
 garbage-first heap   total reserved 4163584K, committed 262144K, used 3991K [0x0000000701e00000, 0x0000000800000000)
  region size 2048K, 2 young (4096K), 2 survivors (4096K)
 Metaspace       used 5709K, committed 5888K, reserved 1114112K
  class space    used 673K, committed 768K, reserved 1048576K
}
Event: 2.248 GC heap before
{Heap before GC invocations=1 (full 0):
 garbage-first heap   total reserved 4163584K, committed 262144K, used 38807K [0x0000000701e00000, 0x0000000800000000)
  region size 2048K, 20 young (40960K), 2 survivors (4096K)
 Metaspace       used 11555K, committed 11712K, reserved 1114112K
  class space    used 1408K, committed 1472K, reserved 1048576K
}
Event: 2.256 GC heap after
{Heap after GC invocations=2 (full 0):
 garbage-first heap   total reserved 4163584K, committed 262144K, used 6695K [0x0000000701e00000, 0x0000000800000000)
  region size 2048K, 2 young (4096K), 2 survivors (4096K)
 Metaspace       used 11555K, committed 11712K, reserved 1114112K
  class space    used 1408K, committed 1472K, reserved 1048576K
}

Dll operation events (8 events):
Event: 0.020 Loaded shared library C:\java\OpenJDK-22\bin\java.dll
Event: 0.063 Loaded shared library C:\java\OpenJDK-22\bin\jsvml.dll
Event: 0.085 Loaded shared library C:\java\OpenJDK-22\bin\net.dll
Event: 0.087 Loaded shared library C:\java\OpenJDK-22\bin\nio.dll
Event: 0.091 Loaded shared library C:\java\OpenJDK-22\bin\zip.dll
Event: 0.227 Loaded shared library C:\java\OpenJDK-22\bin\jimage.dll
Event: 0.239 Loaded shared library D:\NetBeans-22\netbeans\java\maven\lib\jansi-native\Windows\x86_64\jansi.dll
Event: 0.252 Loaded shared library C:\java\OpenJDK-22\bin\verify.dll

Deoptimization events (20 events):
Event: 3.887 Thread 0x000001f35a4ff600 Uncommon trap: trap_request=0xffffffc6 fr.pc=0x000001f36bb68820 relative=0x00000000000003c0
Event: 3.887 Thread 0x000001f35a4ff600 Uncommon trap: reason=bimorphic_or_optimized_type_check action=maybe_recompile pc=0x000001f36bb68820 method=java.nio.Buffer.<init>(IIIILjava/lang/foreign/MemorySegment;)V @ 39 c2
Event: 3.887 Thread 0x000001f35a4ff600 DEOPT PACKING pc=0x000001f36bb68820 sp=0x00000094ca0f87c0
Event: 3.887 Thread 0x000001f35a4ff600 DEOPT UNPACKING pc=0x000001f36b5b46a2 sp=0x00000094ca0f8768 mode 2
Event: 3.887 Thread 0x000001f35a4ff600 Uncommon trap: trap_request=0xffffffc6 fr.pc=0x000001f36bb68820 relative=0x00000000000003c0
Event: 3.887 Thread 0x000001f35a4ff600 Uncommon trap: reason=bimorphic_or_optimized_type_check action=maybe_recompile pc=0x000001f36bb68820 method=java.nio.Buffer.<init>(IIIILjava/lang/foreign/MemorySegment;)V @ 39 c2
Event: 3.887 Thread 0x000001f35a4ff600 DEOPT PACKING pc=0x000001f36bb68820 sp=0x00000094ca0f6ee0
Event: 3.887 Thread 0x000001f35a4ff600 DEOPT UNPACKING pc=0x000001f36b5b46a2 sp=0x00000094ca0f6e88 mode 2
Event: 3.888 Thread 0x000001f35a4ff600 Uncommon trap: trap_request=0xffffffc6 fr.pc=0x000001f36bb68820 relative=0x00000000000003c0
Event: 3.888 Thread 0x000001f35a4ff600 Uncommon trap: reason=bimorphic_or_optimized_type_check action=maybe_recompile pc=0x000001f36bb68820 method=java.nio.Buffer.<init>(IIIILjava/lang/foreign/MemorySegment;)V @ 39 c2
Event: 3.888 Thread 0x000001f35a4ff600 DEOPT PACKING pc=0x000001f36bb68820 sp=0x00000094ca0fbd20
Event: 3.888 Thread 0x000001f35a4ff600 DEOPT UNPACKING pc=0x000001f36b5b46a2 sp=0x00000094ca0fbcc8 mode 2
Event: 3.986 Thread 0x000001f35a4ff600 Uncommon trap: trap_request=0xffffff6e fr.pc=0x000001f36bc99ef4 relative=0x0000000000000154
Event: 3.986 Thread 0x000001f35a4ff600 Uncommon trap: reason=loop_limit_check action=maybe_recompile pc=0x000001f36bc99ef4 method=java.util.regex.Pattern$Start.match(Ljava/util/regex/Matcher;ILjava/lang/CharSequence;)Z @ 34 c2
Event: 3.986 Thread 0x000001f35a4ff600 DEOPT PACKING pc=0x000001f36bc99ef4 sp=0x00000094ca0fc8a0
Event: 3.986 Thread 0x000001f35a4ff600 DEOPT UNPACKING pc=0x000001f36b5b46a2 sp=0x00000094ca0fc820 mode 2
Event: 4.042 Thread 0x000001f35a4ff600 Uncommon trap: trap_request=0xffffff45 fr.pc=0x000001f36bc95434 relative=0x0000000000000094
Event: 4.042 Thread 0x000001f35a4ff600 Uncommon trap: reason=unstable_if action=reinterpret pc=0x000001f36bc95434 method=java.util.Spliterator.getExactSizeIfKnown()J @ 9 c2
Event: 4.042 Thread 0x000001f35a4ff600 DEOPT PACKING pc=0x000001f36bc95434 sp=0x00000094ca0fda70
Event: 4.042 Thread 0x000001f35a4ff600 DEOPT UNPACKING pc=0x000001f36b5b46a2 sp=0x00000094ca0fda00 mode 2

Classes loaded (20 events):
Event: 3.999 Loading class java/util/JumboEnumSet$EnumSetIterator
Event: 3.999 Loading class java/util/JumboEnumSet$EnumSetIterator done
Event: 4.003 Loading class java/util/MissingResourceException
Event: 4.003 Loading class java/util/MissingResourceException done
Event: 4.006 Loading class java/util/ResourceBundle$CacheKey
Event: 4.006 Loading class java/util/ResourceBundle$CacheKey done
Event: 4.006 Loading class java/util/ResourceBundle$KeyElementReference
Event: 4.006 Loading class java/util/ResourceBundle$CacheKeyReference
Event: 4.006 Loading class java/util/ResourceBundle$CacheKeyReference done
Event: 4.006 Loading class java/util/ResourceBundle$KeyElementReference done
Event: 4.007 Loading class java/util/ResourceBundle$3
Event: 4.007 Loading class java/util/ResourceBundle$3 done
Event: 4.012 Loading class java/util/ResourceBundle$BundleReference
Event: 4.012 Loading class java/util/ResourceBundle$BundleReference done
Event: 4.041 Loading class java/util/ServiceLoader$ProviderSpliterator
Event: 4.041 Loading class java/util/ServiceLoader$ProviderSpliterator done
Event: 4.109 Loading class java/nio/file/ReadOnlyFileSystemException
Event: 4.109 Loading class java/nio/file/ReadOnlyFileSystemException done
Event: 4.127 Loading class java/nio/file/ClosedFileSystemException
Event: 4.128 Loading class java/nio/file/ClosedFileSystemException done

Classes unloaded (0 events):
No events

Classes redefined (0 events):
No events

Internal exceptions (20 events):
Event: 2.065 Thread 0x000001f35a4ff600 Implicit null exception at 0x000001f36bb7883a to 0x000001f36bb78a48
Event: 2.067 Thread 0x000001f35a4ff600 Exception <a 'java/lang/NoSuchMethodError'{0x000000070f86cd30}: 'java.lang.Object java.lang.invoke.Invokers$Holder.invokeExact_MT(java.lang.Object, int, java.lang.Object)'> (0x000000070f86cd30) 
thrown [s\open\src\hotspot\share\interpreter\linkResolver.cpp, line 774]
Event: 2.079 Thread 0x000001f35a4ff600 Exception <a 'java/lang/NoSuchMethodError'{0x000000070f8c09d8}: 'void java.lang.invoke.DirectMethodHandle$Holder.invokeStatic(java.lang.Object, java.lang.Object)'> (0x000000070f8c09d8) 
thrown [s\open\src\hotspot\share\interpreter\linkResolver.cpp, line 774]
Event: 2.436 Thread 0x000001f35a4ff600 Exception <a 'java/lang/NoSuchMethodError'{0x00000007118baa20}: 'void java.lang.invoke.Invokers$Holder.invokeExact_MT(java.lang.Object, java.lang.Object, java.lang.Object, java.lang.Object)'> (0x00000007118baa20) 
thrown [s\open\src\hotspot\share\interpreter\linkResolver.cpp, line 774]
Event: 2.466 Thread 0x000001f35a4ff600 Exception <a 'java/lang/NoClassDefFoundError'{0x0000000711942d28}: com/google/inject/servlet/ServletModuleTargetVisitor> (0x0000000711942d28) 
thrown [s\open\src\hotspot\share\classfile\systemDictionary.cpp, line 302]
Event: 2.577 Thread 0x000001f35a4ff600 Exception <a 'java/lang/NoSuchMethodError'{0x00000007117fd808}: 'void java.lang.invoke.DirectMethodHandle$Holder.invokeVirtual(java.lang.Object, java.lang.Object)'> (0x00000007117fd808) 
thrown [s\open\src\hotspot\share\interpreter\linkResolver.cpp, line 774]
Event: 2.647 Thread 0x000001f35a4ff600 Exception <a 'java/lang/NoSuchMethodError'{0x000000071148b8a8}: 'java.lang.Object java.lang.invoke.DirectMethodHandle$Holder.invokeStaticInit(java.lang.Object, int, int, int, int)'> (0x000000071148b8a8) 
thrown [s\open\src\hotspot\share\interpreter\linkResolver.cpp, line 774]
Event: 2.876 Thread 0x000001f35a4ff600 Exception <a 'java/lang/NoSuchMethodError'{0x0000000710e2a5e8}: 'void java.lang.invoke.DirectMethodHandle$Holder.invokeVirtual(java.lang.Object, java.lang.Object, int)'> (0x0000000710e2a5e8) 
thrown [s\open\src\hotspot\share\interpreter\linkResolver.cpp, line 774]
Event: 2.877 Thread 0x000001f35a4ff600 Exception <a 'java/lang/NoSuchMethodError'{0x0000000710e317a0}: 'void java.lang.invoke.DelegatingMethodHandle$Holder.reinvoke_L(java.lang.Object, java.lang.Object, int)'> (0x0000000710e317a0) 
thrown [s\open\src\hotspot\share\interpreter\linkResolver.cpp, line 774]
Event: 3.205 Thread 0x000001f35a4ff600 Implicit null exception at 0x000001f36bbaf3a0 to 0x000001f36bbaf5b0
Event: 3.205 Thread 0x000001f35a4ff600 Implicit null exception at 0x000001f36bc2280d to 0x000001f36bc23110
Event: 3.205 Thread 0x000001f35a4ff600 Implicit null exception at 0x000001f36bbb00a0 to 0x000001f36bbb02ac
Event: 3.246 Thread 0x000001f35a4ff600 Exception <a 'java/lang/NoSuchMethodError'{0x000000071062e3e8}: 'java.lang.Object java.lang.invoke.DirectMethodHandle$Holder.newInvokeSpecial(java.lang.Object, java.lang.Object, java.lang.Object, java.lang.Object, java.lang.Object, java.lang.Object, java.lang.Object)'> (0x000000071062e3e8) 
thrown [s\open\src\hotspot\share\interpreter\linkResolver.cpp, line 774]
Event: 3.537 Thread 0x000001f35a4ff600 Exception <a 'java/lang/NoSuchMethodError'{0x000000070ffe52c0}: 'java.lang.Object java.lang.invoke.DirectMethodHandle$Holder.invokeVirtual(java.lang.Object, java.lang.Object, java.lang.Object)'> (0x000000070ffe52c0) 
thrown [s\open\src\hotspot\share\interpreter\linkResolver.cpp, line 774]
Event: 3.538 Thread 0x000001f35a4ff600 Exception <a 'java/lang/NoSuchMethodError'{0x000000070ffebc88}: 'void java.lang.invoke.DirectMethodHandle$Holder.invokeSpecial(java.lang.Object, java.lang.Object, java.lang.Object, java.lang.Object, java.lang.Object, java.lang.Object)'> (0x000000070ffebc88) 
thrown [s\open\src\hotspot\share\interpreter\linkResolver.cpp, line 774]
Event: 3.541 Thread 0x000001f35a4ff600 Exception <a 'java/lang/NoSuchMethodError'{0x000000070fff5fa8}: 'int java.lang.invoke.DirectMethodHandle$Holder.invokeVirtual(java.lang.Object, java.lang.Object)'> (0x000000070fff5fa8) 
thrown [s\open\src\hotspot\share\interpreter\linkResolver.cpp, line 774]
Event: 4.051 Thread 0x000001f35a4ff600 Exception <a 'java/lang/NoSuchMethodError'{0x000000070e83adb0}: 'int java.lang.invoke.DirectMethodHandle$Holder.invokeInterface(java.lang.Object, java.lang.Object)'> (0x000000070e83adb0) 
thrown [s\open\src\hotspot\share\interpreter\linkResolver.cpp, line 774]
Event: 4.064 Thread 0x000001f35a4ff600 Exception <a 'sun/nio/fs/WindowsException'{0x000000070e86fdb0}> (0x000000070e86fdb0) 
thrown [s\open\src\hotspot\share\prims\jni.cpp, line 520]
Event: 4.065 Thread 0x000001f35a4ff600 Exception <a 'java/lang/NoSuchMethodError'{0x000000070e873d60}: 'int java.lang.invoke.DirectMethodHandle$Holder.invokeVirtual(java.lang.Object, java.lang.Object, java.lang.Object)'> (0x000000070e873d60) 
thrown [s\open\src\hotspot\share\interpreter\linkResolver.cpp, line 774]
Event: 4.065 Thread 0x000001f35a4ff600 Exception <a 'java/lang/NoSuchMethodError'{0x000000070e879968}: 'void java.lang.invoke.DirectMethodHandle$Holder.invokeInterface(java.lang.Object, java.lang.Object, java.lang.Object)'> (0x000000070e879968) 
thrown [s\open\src\hotspot\share\interpreter\linkResolver.cpp, line 774]

ZGC Phase Switch (0 events):
No events

VM Operations (20 events):
Event: 2.594 Executing VM operation: HandshakeAllThreads (Deoptimize)
Event: 2.594 Executing VM operation: HandshakeAllThreads (Deoptimize) done
Event: 2.670 Executing VM operation: HandshakeAllThreads (Deoptimize)
Event: 2.670 Executing VM operation: HandshakeAllThreads (Deoptimize) done
Event: 2.679 Executing VM operation: ICBufferFull
Event: 2.679 Executing VM operation: ICBufferFull done
Event: 2.721 Executing VM operation: HandshakeAllThreads (Deoptimize)
Event: 2.721 Executing VM operation: HandshakeAllThreads (Deoptimize) done
Event: 2.782 Executing VM operation: HandshakeAllThreads (Deoptimize)
Event: 2.782 Executing VM operation: HandshakeAllThreads (Deoptimize) done
Event: 3.307 Executing VM operation: ICBufferFull
Event: 3.307 Executing VM operation: ICBufferFull done
Event: 3.568 Executing VM operation: HandshakeAllThreads (Deoptimize)
Event: 3.568 Executing VM operation: HandshakeAllThreads (Deoptimize) done
Event: 3.606 Executing VM operation: ICBufferFull
Event: 3.606 Executing VM operation: ICBufferFull done
Event: 3.990 Executing VM operation: HandshakeAllThreads (Deoptimize)
Event: 3.990 Executing VM operation: HandshakeAllThreads (Deoptimize) done
Event: 4.050 Executing VM operation: HandshakeAllThreads (Deoptimize)
Event: 4.050 Executing VM operation: HandshakeAllThreads (Deoptimize) done

Events (15 events):
Event: 0.039 Thread 0x000001f35a4ff600 Thread added: 0x000001f35a4ff600
Event: 0.060 Thread 0x000001f37b4fbbd0 Thread added: 0x000001f37b4fbbd0
Event: 0.060 Thread 0x000001f37b4fc4a0 Thread added: 0x000001f37b4fc4a0
Event: 0.060 Thread 0x000001f37b500160 Thread added: 0x000001f37b500160
Event: 0.060 Thread 0x000001f37b505d70 Thread added: 0x000001f37b505d70
Event: 0.060 Thread 0x000001f37b50d260 Thread added: 0x000001f37b50d260
Event: 0.060 Thread 0x000001f37b50aa70 Thread added: 0x000001f37b50aa70
Event: 0.060 Thread 0x000001f37b50c150 Thread added: 0x000001f37b50c150
Event: 0.061 Thread 0x000001f37b5160b0 Thread added: 0x000001f37b5160b0
Event: 0.080 Thread 0x000001f345289820 Thread added: 0x000001f345289820
Event: 0.082 Thread 0x000001f34528c6b0 Thread added: 0x000001f34528c6b0
Event: 0.178 Thread 0x000001f345494360 Thread added: 0x000001f345494360
Event: 0.911 Thread 0x000001f345d4ef40 Thread added: 0x000001f345d4ef40
Event: 1.953 Thread 0x000001f345d4ef40 Thread exited: 0x000001f345d4ef40
Event: 3.147 Thread 0x000001f34695ba40 Thread added: 0x000001f34695ba40


Dynamic libraries:
0x00007ff657260000 - 0x00007ff65726e000 	C:\java\OpenJDK-22\bin\java.exe
0x00007fff4de30000 - 0x00007fff4e047000 	C:\WINDOWS\SYSTEM32\ntdll.dll
0x00007fff4c8b0000 - 0x00007fff4c974000 	C:\WINDOWS\System32\KERNEL32.DLL
0x00007fff4b330000 - 0x00007fff4b6ea000 	C:\WINDOWS\System32\KERNELBASE.dll
0x00007fff4ba10000 - 0x00007fff4bb21000 	C:\WINDOWS\System32\ucrtbase.dll
0x00007fff34680000 - 0x00007fff34697000 	C:\java\OpenJDK-22\bin\jli.dll
0x00007fff3f7a0000 - 0x00007fff3f7bb000 	C:\java\OpenJDK-22\bin\VCRUNTIME140.dll
0x00007fff4cf20000 - 0x00007fff4d0ce000 	C:\WINDOWS\System32\USER32.dll
0x00007fff33ec0000 - 0x00007fff34152000 	C:\WINDOWS\WinSxS\amd64_microsoft.windows.common-controls_6595b64144ccf1df_6.0.22621.4541_none_2710d1c57384c085\COMCTL32.dll
0x00007fff4b9e0000 - 0x00007fff4ba06000 	C:\WINDOWS\System32\win32u.dll
0x00007fff4c290000 - 0x00007fff4c2b9000 	C:\WINDOWS\System32\GDI32.dll
0x00007fff4cc70000 - 0x00007fff4cd17000 	C:\WINDOWS\System32\msvcrt.dll
0x00007fff4b8c0000 - 0x00007fff4b9db000 	C:\WINDOWS\System32\gdi32full.dll
0x00007fff4b6f0000 - 0x00007fff4b78a000 	C:\WINDOWS\System32\msvcp_win.dll
0x00007fff4c2c0000 - 0x00007fff4c2f1000 	C:\WINDOWS\System32\IMM32.DLL
0x00007fff3fed0000 - 0x00007fff3fedc000 	C:\java\OpenJDK-22\bin\vcruntime140_1.dll
0x00007fff03800000 - 0x00007fff0388e000 	C:\java\OpenJDK-22\bin\msvcp140.dll
0x00007fff03890000 - 0x00007fff045d7000 	C:\java\OpenJDK-22\bin\server\jvm.dll
0x00007fff4bef0000 - 0x00007fff4bfa2000 	C:\WINDOWS\System32\ADVAPI32.dll
0x00007fff4c980000 - 0x00007fff4ca27000 	C:\WINDOWS\System32\sechost.dll
0x00007fff4b790000 - 0x00007fff4b7b8000 	C:\WINDOWS\System32\bcrypt.dll
0x00007fff4c790000 - 0x00007fff4c8a4000 	C:\WINDOWS\System32\RPCRT4.dll
0x00007fff4cd30000 - 0x00007fff4cda1000 	C:\WINDOWS\System32\WS2_32.dll
0x00007fff4afd0000 - 0x00007fff4b01d000 	C:\WINDOWS\SYSTEM32\POWRPROF.dll
0x00007fff41160000 - 0x00007fff4116a000 	C:\WINDOWS\SYSTEM32\VERSION.dll
0x00007fff40570000 - 0x00007fff405a4000 	C:\WINDOWS\SYSTEM32\WINMM.dll
0x00007fff4afb0000 - 0x00007fff4afc3000 	C:\WINDOWS\SYSTEM32\UMPDC.dll
0x00007fff4a100000 - 0x00007fff4a118000 	C:\WINDOWS\SYSTEM32\kernel.appcore.dll
0x00007fff3fb60000 - 0x00007fff3fb6a000 	C:\java\OpenJDK-22\bin\jimage.dll
0x00007fff48960000 - 0x00007fff48b92000 	C:\WINDOWS\SYSTEM32\DBGHELP.DLL
0x00007fff4d0d0000 - 0x00007fff4d45f000 	C:\WINDOWS\System32\combase.dll
0x00007fff4be10000 - 0x00007fff4bee7000 	C:\WINDOWS\System32\OLEAUT32.dll
0x00007fff287f0000 - 0x00007fff28822000 	C:\WINDOWS\SYSTEM32\dbgcore.DLL
0x00007fff4b7c0000 - 0x00007fff4b83b000 	C:\WINDOWS\System32\bcryptPrimitives.dll
0x00007fff3f380000 - 0x00007fff3f39e000 	C:\java\OpenJDK-22\bin\java.dll
0x00007fff4d510000 - 0x00007fff4dd88000 	C:\WINDOWS\System32\SHELL32.dll
0x00007fff4c0e0000 - 0x00007fff4c285000 	C:\WINDOWS\System32\ole32.dll
0x00007fff48ff0000 - 0x00007fff498f8000 	C:\WINDOWS\SYSTEM32\windows.storage.dll
0x00007fff48eb0000 - 0x00007fff48fef000 	C:\WINDOWS\SYSTEM32\wintypes.dll
0x00007fff4bfe0000 - 0x00007fff4c0da000 	C:\WINDOWS\System32\SHCORE.dll
0x00007fff4cc10000 - 0x00007fff4cc6e000 	C:\WINDOWS\System32\shlwapi.dll
0x00007fff4b030000 - 0x00007fff4b05b000 	C:\WINDOWS\SYSTEM32\profapi.dll
0x00007fff288d0000 - 0x00007fff289a7000 	C:\java\OpenJDK-22\bin\jsvml.dll
0x00007fff3f750000 - 0x00007fff3f760000 	C:\java\OpenJDK-22\bin\net.dll
0x00007fff4a570000 - 0x00007fff4a5d9000 	C:\WINDOWS\system32\mswsock.dll
0x00007fff3f360000 - 0x00007fff3f376000 	C:\java\OpenJDK-22\bin\nio.dll
0x00007fff3f340000 - 0x00007fff3f357000 	C:\java\OpenJDK-22\bin\zip.dll
0x0000000069ac0000 - 0x0000000069ae4000 	D:\NetBeans-22\netbeans\java\maven\lib\jansi-native\Windows\x86_64\jansi.dll
0x00007fff3f5c0000 - 0x00007fff3f5d0000 	C:\java\OpenJDK-22\bin\verify.dll

dbghelp: loaded successfully - version: 4.0.5 - missing functions: none
symbol engine: initialized successfully - sym options: 0x614 - pdb path: .;C:\java\OpenJDK-22\bin;C:\WINDOWS\SYSTEM32;C:\WINDOWS\WinSxS\amd64_microsoft.windows.common-controls_6595b64144ccf1df_6.0.22621.4541_none_2710d1c57384c085;C:\java\OpenJDK-22\bin\server;D:\NetBeans-22\netbeans\java\maven\lib\jansi-native\Windows\x86_64

VM Arguments:
jvm_args: -Dclassworlds.conf=D:\NetBeans-22\netbeans\java\maven\bin\m2.conf -Dmaven.home=D:\NetBeans-22\netbeans\java\maven -Dlibrary.jansi.path=D:\NetBeans-22\netbeans\java\maven\lib\jansi-native -Dmaven.multiModuleProjectDirectory=D:\Semester3\DasarPemrogramanBerbasisObjek\latihanMandiri\TubesAKA 
java_command: org.codehaus.plexus.classworlds.launcher.Launcher -Dexec.vmArgs= -Dexec.args=${exec.vmArgs} -classpath %classpath ${exec.mainClass} ${exec.appArgs} -Dexec.appArgs= -Dexec.mainClass=com.method.tubesaka.TubesAKA -Dexec.executable=C:\java\OpenJDK-22\bin\java.exe -Dmaven.ext.class.path=D:\NetBeans-22\netbeans\java\maven-nblib\netbeans-eventspy.jar --no-transfer-progress process-classes org.codehaus.mojo:exec-maven-plugin:3.1.0:exec
java_class_path (initial): D:\NetBeans-22\netbeans\java\maven\boot\plexus-classworlds-2.7.0.jar
Launcher Type: SUN_STANDARD

[Global flags]
     intx CICompilerCount                          = 4                                         {product} {ergonomic}
     uint ConcGCThreads                            = 2                                         {product} {ergonomic}
     uint G1ConcRefinementThreads                  = 8                                         {product} {ergonomic}
   size_t G1HeapRegionSize                         = 2097152                                   {product} {ergonomic}
   size_t InitialHeapSize                          = 268435456                                 {product} {ergonomic}
   size_t MarkStackSize                            = 4194304                                   {product} {ergonomic}
   size_t MaxHeapSize                              = 4263510016                                {product} {ergonomic}
   size_t MaxNewSize                               = 2556428288                                {product} {ergonomic}
   size_t MinHeapDeltaBytes                        = 2097152                                   {product} {ergonomic}
   size_t MinHeapSize                              = 8388608                                   {product} {ergonomic}
    uintx NonNMethodCodeHeapSize                   = 5839372                                {pd product} {ergonomic}
    uintx NonProfiledCodeHeapSize                  = 122909434                              {pd product} {ergonomic}
    uintx ProfiledCodeHeapSize                     = 122909434                              {pd product} {ergonomic}
    uintx ReservedCodeCacheSize                    = 251658240                              {pd product} {ergonomic}
     bool SegmentedCodeCache                       = true                                      {product} {ergonomic}
   size_t SoftMaxHeapSize                          = 4263510016                             {manageable} {ergonomic}
     bool UseCompressedOops                        = true                           {product lp64_product} {ergonomic}
     bool UseG1GC                                  = true                                      {product} {ergonomic}
     bool UseLargePagesIndividualAllocation        = false                                  {pd product} {ergonomic}

Logging:
Log output configuration:
 #0: stdout all=warning uptime,level,tags foldmultilines=false
 #1: stderr all=off uptime,level,tags foldmultilines=false

Environment Variables:
JAVA_HOME=C:\java\OpenJDK-22
PATH=C:\java\OpenJDK-22\bin;C:\ProgramData\Oracle\Java\javapath;C:\Program Files (x86)\Common Files\Oracle\Java\java8path;C:\Program Files (x86)\Common Files\Oracle\Java\javapath;C:\WINDOWS\system32;C:\WINDOWS;C:\WINDOWS\System32\Wbem;C:\WINDOWS\System32\WindowsPowerShell\v1.0\;C:\WINDOWS\System32\OpenSSH\;C:\Program Files\nodejs\;C:\Program Files\Go\bin;C:\MinGW\bin;C:\Program Files\dotnet\;C:\Users\user\AppData\Local\Microsoft\WindowsApps;;C:\Users\user\AppData\Local\Programs\Microsoft VS Code\bin;C:\Users\user\AppData\Roaming\npm;C:\Users\user\go\bin
USERNAME=user
OS=Windows_NT
PROCESSOR_IDENTIFIER=Intel64 Family 6 Model 142 Stepping 10, GenuineIntel
TMP=C:\Users\user\AppData\Local\Temp
TEMP=C:\Users\user\AppData\Local\Temp




Periodic native trim disabled

---------------  S Y S T E M  ---------------

OS:
 Windows 11 , 64 bit Build 22621 (10.0.22621.4391)
OS uptime: 0 days 8:03 hours
Hyper-V role detected

CPU: total 8 (initial active 8) (4 cores per cpu, 2 threads per core) family 6 model 142 stepping 10 microcode 0xf0, cx8, cmov, fxsr, ht, mmx, 3dnowpref, sse, sse2, sse3, ssse3, sse4.1, sse4.2, popcnt, lzcnt, tsc, tscinvbit, avx, avx2, aes, erms, clmul, bmi1, bmi2, rtm, adx, fma, vzeroupper, clflush, clflushopt, hv, rdtscp, f16c
Processor Information for all 8 processors :
  Max Mhz: 2112, Current Mhz: 1910, Mhz Limit: 1900

Memory: 4k page, system-wide physical 16262M (4256M free)
TotalPageFile size 18345M (AvailPageFile size 0M)
current process WorkingSet (physical memory assigned to process): 166M, peak: 166M
current process commit charge ("private bytes"): 409M, peak: 409M

vm_info: OpenJDK 64-Bit Server VM (22.0.1+8-16) for windows-amd64 JRE (22.0.1+8-16), built on 2024-03-12T10:33:16Z by "mach5one" with MS VC++ 17.6 (VS2022)

END.
